<?xml version="1.0" encoding="UTF-8"?>
<testsuite name="au.edu.sydney.pac.erp.client.ClientFactoryTest" tests="2" skipped="0" failures="0" errors="0" timestamp="2020-03-17T12:57:09" hostname="DESKTOP-23IEG76" time="0.006">
  <properties/>
  <testcase name="makeClietListTest1" classname="au.edu.sydney.pac.erp.client.ClientFactoryTest" time="0.005"/>
  <testcase name="makeClietListTest2" classname="au.edu.sydney.pac.erp.client.ClientFactoryTest" time="0.0"/>
  <system-out><![CDATA[]]></system-out>
  <system-err><![CDATA[]]></system-err>
</testsuite>
