<?xml version="1.0" encoding="UTF-8"?>
<testsuite name="au.edu.sydney.pac.erp.client.ClientImplTest" tests="1" skipped="0" failures="0" errors="0" timestamp="2020-03-15T15:23:13" hostname="DESKTOP-23IEG76" time="0.001">
  <properties/>
  <testcase name="isAssignedTest" classname="au.edu.sydney.pac.erp.client.ClientImplTest" time="0.001"/>
  <system-out><![CDATA[]]></system-out>
  <system-err><![CDATA[]]></system-err>
</testsuite>
