<?xml version="1.0" encoding="UTF-8"?>
<testsuite name="au.edu.sydney.pac.erp.client.ClientImplTest" tests="2" skipped="0" failures="0" errors="0" timestamp="2020-03-11T03:47:14" hostname="DESKTOP-23IEG76" time="0.002">
  <properties/>
  <testcase name="assignedDepartmentTest1" classname="au.edu.sydney.pac.erp.client.ClientImplTest" time="0.001"/>
  <testcase name="assignedDepartmentTest2" classname="au.edu.sydney.pac.erp.client.ClientImplTest" time="0.0"/>
  <system-out><![CDATA[]]></system-out>
  <system-err><![CDATA[]]></system-err>
</testsuite>
